#
# An unexpected error has been detected by Java Runtime Environment:
#
#  EXCEPTION_ACCESS_VIOLATION (0xc0000005) at pc=0x0cac1f79, pid=3988, tid=752
#
# Java VM: Java HotSpot(TM) Client VM (10.0-b19 mixed mode, sharing windows-x86)
# Problematic frame:
# C  0x0cac1f79
#
# If you would like to submit a bug report, please visit:
#   http://java.sun.com/webapps/bugreport/crash.jsp
# The crash happened outside the Java Virtual Machine in native code.
# See problematic frame for where to report the bug.
#

---------------  T H R E A D  ---------------

Current thread (0x03971800):  JavaThread "J3D-Renderer-1" [_thread_in_native, id=752, stack(0x0bf70000,0x0bfc0000)]

siginfo: ExceptionCode=0xc0000005, reading address 0x0e2e5000

Registers:
EAX=0x0bd9b208, EBX=0x0e2e4fd4, ECX=0x0e2e4c00, EDX=0x0e2e4c00
ESP=0x0bfbf484, EBP=0x0bfbf4ac, ESI=0x0e2e4ffc, EDI=0x0e2e4e68
EIP=0x0cac1f79, EFLAGS=0x00010202

Top of Stack: (sp=0x0bfbf484)
0x0bfbf484:   0bd01538 0bd01538 0bd800b0 0000000f
0x0bfbf494:   0bdb9a94 0bdb9840 0bdb95ec 0bdb9398
0x0bfbf4a4:   00000000 00000000 0bfbf4dc 69387453
0x0bfbf4b4:   0bd01538 00000000 00000018 0bdad008
0x0bfbf4c4:   00000000 0bd01538 00000000 00000000
0x0bfbf4d4:   0bd03ccc 00390400 0bfbf50c 69243838
0x0bfbf4e4:   0000006c 0bdad008 0bdad008 0000006c
0x0bfbf4f4:   0bd5b738 45c00400 00000000 00000000 

Instructions: (pc=0x0cac1f79)
0x0cac1f69:   d0 0b 03 d1 03 d9 03 f1 03 f9 0f 12 32 0f 16 33
0x0cac1f79:   0f 12 2e 0f 16 2f 0f c6 f5 88 0f 7e d9 0f 7e e2 


Stack: [0x0bf70000,0x0bfc0000],  sp=0x0bfbf484,  free space=317k
Native frames: (J=compiled Java code, j=interpreted, Vv=VM code, C=native code)
C  0x0cac1f79
C  [sisgl770.dll+0x387453]
C  [sisgl770.dll+0x243838]
C  [sisgl770.dll+0x248d9d]
C  [sisgl770.dll+0x24c819]
C  [sisgl770.dll+0x2b0746]
v  ~BufferBlob::Interpreter
v  ~BufferBlob::Interpreter
v  ~BufferBlob::Interpreter
v  ~BufferBlob::Interpreter
v  ~BufferBlob::Interpreter
v  ~BufferBlob::Interpreter
v  ~BufferBlob::Interpreter
v  ~BufferBlob::Interpreter
v  ~BufferBlob::Interpreter
v  ~BufferBlob::Interpreter
v  ~BufferBlob::Interpreter
v  ~BufferBlob::Interpreter
v  ~BufferBlob::Interpreter
v  ~BufferBlob::Interpreter
v  ~BufferBlob::Interpreter
v  ~BufferBlob::StubRoutines (1)

Java frames: (J=compiled Java code, j=interpreted, Vv=VM code)
v  ~BufferBlob::Interpreter
v  ~BufferBlob::Interpreter
v  ~BufferBlob::Interpreter
v  ~BufferBlob::Interpreter
v  ~BufferBlob::Interpreter
v  ~BufferBlob::Interpreter
v  ~BufferBlob::Interpreter
v  ~BufferBlob::Interpreter
v  ~BufferBlob::Interpreter
v  ~BufferBlob::Interpreter
v  ~BufferBlob::Interpreter
v  ~BufferBlob::Interpreter
v  ~BufferBlob::Interpreter
v  ~BufferBlob::Interpreter
v  ~BufferBlob::Interpreter
v  ~BufferBlob::Interpreter
v  ~BufferBlob::StubRoutines (1)

---------------  P R O C E S S  ---------------

Java Threads: ( => current thread )
  0x03a5b400 JavaThread "J3D-InputDeviceScheduler-1" [_thread_blocked, id=3420, stack(0x0c720000,0x0c770000)]
  0x03a55800 JavaThread "J3D-SoundSchedulerUpdateThread-1" [_thread_blocked, id=3276, stack(0x0c6d0000,0x0c720000)]
  0x03a54800 JavaThread "J3D-RenderStructureUpdateThread-1" [_thread_blocked, id=2592, stack(0x0c680000,0x0c6d0000)]
  0x03a57800 JavaThread "J3D-BehaviorScheduler-1" [_thread_blocked, id=1720, stack(0x0c630000,0x0c680000)]
  0x03a53800 JavaThread "J3D-TransformStructureUpdateThread-1" [_thread_blocked, id=3584, stack(0x0c5e0000,0x0c630000)]
  0x03a4f400 JavaThread "J3D-RenderingEnvironmentStructureUpdateThread-1" [_thread_blocked, id=2852, stack(0x0c590000,0x0c5e0000)]
  0x03a4e400 JavaThread "J3D-SoundStructureUpdateThread-1" [_thread_blocked, id=3880, stack(0x0c540000,0x0c590000)]
  0x03a4d400 JavaThread "J3D-GeometryStructureUpdateThread-1" [_thread_blocked, id=3504, stack(0x0c4f0000,0x0c540000)]
  0x03a4cc00 JavaThread "J3D-BehaviorStructureUpdateThread-1" [_thread_blocked, id=192, stack(0x0c4a0000,0x0c4f0000)]
  0x0398fc00 JavaThread "SwingWorker-pool-2-thread-1" [_thread_blocked, id=1388, stack(0x0c0d0000,0x0c120000)]
=>0x03971800 JavaThread "J3D-Renderer-1" [_thread_in_native, id=752, stack(0x0bf70000,0x0bfc0000)]
  0x03917800 JavaThread "J3D-MasterControl-1" [_thread_blocked, id=3168, stack(0x0bf20000,0x0bf70000)]
  0x0392e400 JavaThread "J3D-NotificationThread" [_thread_blocked, id=1956, stack(0x0bed0000,0x0bf20000)]
  0x03946400 JavaThread "J3D-TimerThread" [_thread_blocked, id=3492, stack(0x0be80000,0x0bed0000)]
  0x03942800 JavaThread "J3D-RenderingAttributesStructureUpdateThread" [_thread_blocked, id=720, stack(0x0be30000,0x0be80000)]
  0x02fdf400 JavaThread "TimerQueue" daemon [_thread_blocked, id=3848, stack(0x036c0000,0x03710000)]
  0x02fb0400 JavaThread "Image Fetcher 0" daemon [_thread_blocked, id=1504, stack(0x03250000,0x032a0000)]
  0x002a5800 JavaThread "DestroyJavaVM" [_thread_blocked, id=512, stack(0x00840000,0x00890000)]
  0x02b4fc00 JavaThread "AWT-EventQueue-0" [_thread_blocked, id=3548, stack(0x031b0000,0x03200000)]
  0x02b4e800 JavaThread "AWT-Windows" daemon [_thread_in_native, id=2980, stack(0x02ed0000,0x02f20000)]
  0x02abd800 JavaThread "AWT-Shutdown" [_thread_blocked, id=2396, stack(0x02e80000,0x02ed0000)]
  0x02abcc00 JavaThread "Java2D Disposer" daemon [_thread_blocked, id=4004, stack(0x02e30000,0x02e80000)]
  0x02a86000 JavaThread "Low Memory Detector" daemon [_thread_blocked, id=1532, stack(0x02d30000,0x02d80000)]
  0x02a79000 JavaThread "CompilerThread0" daemon [_thread_blocked, id=3156, stack(0x02ce0000,0x02d30000)]
  0x02a77000 JavaThread "Attach Listener" daemon [_thread_blocked, id=3596, stack(0x02c90000,0x02ce0000)]
  0x02a76400 JavaThread "Signal Dispatcher" daemon [_thread_blocked, id=1436, stack(0x02c40000,0x02c90000)]
  0x02a6e400 JavaThread "Finalizer" daemon [_thread_blocked, id=1208, stack(0x02bf0000,0x02c40000)]
  0x02a6d400 JavaThread "Reference Handler" daemon [_thread_blocked, id=3840, stack(0x02ba0000,0x02bf0000)]

Other Threads:
  0x02a6c000 VMThread [stack: 0x02b50000,0x02ba0000] [id=1868]
  0x02a87400 WatcherThread [stack: 0x02d80000,0x02dd0000] [id=1376]

VM state:not at safepoint (normal execution)

VM Mutex/Monitor currently owned by a thread: None

Heap
 def new generation   total 2816K, used 1965K [0x22960000, 0x22c60000, 0x22e40000)
  eden space 2560K,   0% used [0x22960000, 0x22b0b7a0, 0x22be0000)
  from space 256K, 100% used [0x22c20000, 0x22c60000, 0x22c60000)
  to   space 256K,   0% used [0x22be0000, 0x22be0000, 0x22c20000)
 tenured generation   total 36148K, used 27700K [0x22e40000, 0x2518d000, 0x26960000)
   the space 36148K,  76% used [0x22e40000, 0x2494d108, 0x2494d200, 0x2518d000)
 compacting perm gen  total 12288K, used 6576K [0x26960000, 0x27560000, 0x2a960000)
   the space 12288K,  53% used [0x26960000, 0x26fcc060, 0x26fcc200, 0x27560000)
    ro space 8192K,  66% used [0x2a960000, 0x2aeb0dc8, 0x2aeb0e00, 0x2b160000)
    rw space 12288K,  52% used [0x2b160000, 0x2b7b04b0, 0x2b7b0600, 0x2bd60000)

Dynamic libraries:
0x00400000 - 0x00423000 	C:\Arquivos de programas\Java\jdk1.6.0_05\jre\bin\java.exe
0x7c900000 - 0x7c9b6000 	C:\WINDOWS\system32\ntdll.dll
0x7c800000 - 0x7c900000 	C:\WINDOWS\system32\kernel32.dll
0x77f50000 - 0x77ffb000 	C:\WINDOWS\system32\ADVAPI32.dll
0x77db0000 - 0x77e42000 	C:\WINDOWS\system32\RPCRT4.dll
0x77f20000 - 0x77f31000 	C:\WINDOWS\system32\Secur32.dll
0x7c340000 - 0x7c396000 	C:\Arquivos de programas\Java\jdk1.6.0_05\jre\bin\msvcr71.dll
0x6d870000 - 0x6dac0000 	C:\Arquivos de programas\Java\jdk1.6.0_05\jre\bin\client\jvm.dll
0x7e360000 - 0x7e3f1000 	C:\WINDOWS\system32\USER32.dll
0x77e50000 - 0x77e99000 	C:\WINDOWS\system32\GDI32.dll
0x76b20000 - 0x76b4e000 	C:\WINDOWS\system32\WINMM.dll
0x76360000 - 0x7637d000 	C:\WINDOWS\system32\IMM32.DLL
0x62e80000 - 0x62e89000 	C:\WINDOWS\system32\LPK.DLL
0x74d50000 - 0x74dbb000 	C:\WINDOWS\system32\USP10.dll
0x6d320000 - 0x6d328000 	C:\Arquivos de programas\Java\jdk1.6.0_05\jre\bin\hpi.dll
0x76bd0000 - 0x76bdb000 	C:\WINDOWS\system32\PSAPI.DLL
0x6d820000 - 0x6d82c000 	C:\Arquivos de programas\Java\jdk1.6.0_05\jre\bin\verify.dll
0x6d3c0000 - 0x6d3df000 	C:\Arquivos de programas\Java\jdk1.6.0_05\jre\bin\java.dll
0x6d860000 - 0x6d86f000 	C:\Arquivos de programas\Java\jdk1.6.0_05\jre\bin\zip.dll
0x6d0b0000 - 0x6d1de000 	C:\Arquivos de programas\Java\jdk1.6.0_05\jre\bin\awt.dll
0x72fb0000 - 0x72fd6000 	C:\WINDOWS\system32\WINSPOOL.DRV
0x77bf0000 - 0x77c48000 	C:\WINDOWS\system32\msvcrt.dll
0x774c0000 - 0x775fd000 	C:\WINDOWS\system32\ole32.dll
0x5b1c0000 - 0x5b1f8000 	C:\WINDOWS\system32\uxtheme.dll
0x73710000 - 0x7375b000 	C:\WINDOWS\system32\ddraw.dll
0x73b70000 - 0x73b76000 	C:\WINDOWS\system32\DCIMAN32.dll
0x746e0000 - 0x7472c000 	C:\WINDOWS\system32\MSCTF.dll
0x10000000 - 0x10004000 	C:\Arquivos de programas\Unlocker\UnlockerHook.dll
0x77ea0000 - 0x77f16000 	C:\WINDOWS\system32\SHLWAPI.dll
0x7c9c0000 - 0x7d1de000 	C:\WINDOWS\system32\SHELL32.dll
0x773b0000 - 0x774b3000 	C:\WINDOWS\WinSxS\x86_Microsoft.Windows.Common-Controls_6595b64144ccf1df_6.0.2600.5512_x-ww_35d4ce83\comctl32.dll
0x5d510000 - 0x5d5aa000 	C:\WINDOWS\system32\comctl32.dll
0x77b20000 - 0x77b42000 	C:\WINDOWS\system32\apphelp.dll
0x75290000 - 0x752be000 	C:\WINDOWS\system32\msctfime.ime
0x6d2c0000 - 0x6d313000 	C:\Arquivos de programas\Java\jdk1.6.0_05\jre\bin\fontmanager.dll
0x6d620000 - 0x6d633000 	C:\Arquivos de programas\Java\jdk1.6.0_05\jre\bin\net.dll
0x71a70000 - 0x71a87000 	C:\WINDOWS\system32\WS2_32.dll
0x71a60000 - 0x71a68000 	C:\WINDOWS\system32\WS2HELP.dll
0x71a10000 - 0x71a50000 	C:\WINDOWS\system32\mswsock.dll
0x60b30000 - 0x60b88000 	C:\WINDOWS\system32\hnetcfg.dll
0x59150000 - 0x59157000 	C:\WINDOWS\System32\wship6.dll
0x6d640000 - 0x6d649000 	C:\Arquivos de programas\Java\jdk1.6.0_05\jre\bin\nio.dll
0x038b0000 - 0x038be000 	C:\Arquivos de programas\Java\jdk1.6.0_05\jre\bin\j3dcore-ogl-chk.dll
0x5f180000 - 0x5f24c000 	C:\WINDOWS\system32\OPENGL32.dll
0x5b410000 - 0x5b431000 	C:\WINDOWS\system32\GLU32.dll
0x69000000 - 0x69447000 	C:\WINDOWS\system32\sisgl770.dll
0x6d3f0000 - 0x6d3f6000 	C:\Arquivos de programas\Java\jdk1.6.0_05\jre\bin\jawt.dll
0x0bde0000 - 0x0be09000 	C:\Arquivos de programas\Java\jdk1.6.0_05\jre\bin\j3dcore-ogl.dll
0x0bfc0000 - 0x0bfc7000 	C:\Arquivos de programas\Internet Download Manager\idmmkb.dll
0x6d200000 - 0x6d22f000 	C:\Arquivos de programas\Java\jdk1.6.0_05\jre\bin\cmm.dll
0x6d460000 - 0x6d484000 	C:\Arquivos de programas\Java\jdk1.6.0_05\jre\bin\jpeg.dll

VM Arguments:
java_command: vrml3d.GUI.Vml3dApp
Launcher Type: SUN_STANDARD

Environment Variables:
CLASSPATH=C:\Documents and Settings\Marcel\Meus documentos\NetBeansProjects\VRML3D\src\cv97r140.jar
PATH=C:\WINDOWS\system32;C:\WINDOWS;C:\WINDOWS\system32\wbem;C:\Arquivos de programas\Subversion\bin;C:\Arquivos de programas\Autodesk\Backburner;C:\Arquivos de programas\Arquivos comuns\Autodesk Shared;C:\Arquivos de programas\Pinnacle\Shared Files;
USERNAME=Marcel
OS=Windows_NT
PROCESSOR_IDENTIFIER=x86 Family 6 Model 15 Stepping 13, GenuineIntel



---------------  S Y S T E M  ---------------

OS: Windows XP Build 2600 Service Pack 3

CPU:total 2 (2 cores per cpu, 1 threads per core) family 6 model 15 stepping 13, cmov, cx8, fxsr, mmx, sse, sse2, sse3, ssse3

Memory: 4k page, physical 1963108k(1055696k free), swap 2331068k(1600772k free)

vm_info: Java HotSpot(TM) Client VM (10.0-b19) for windows-x86 JRE (1.6.0_05-b13), built on Feb 22 2008 01:16:53 by "java_re" with MS VC++ 7.1

time: Tue May 25 18:42:40 2010
elapsed time: 4 seconds

