#
# An unexpected error has been detected by Java Runtime Environment:
#
#  EXCEPTION_ACCESS_VIOLATION (0xc0000005) at pc=0x0c0c1f7c, pid=1556, tid=3396
#
# Java VM: Java HotSpot(TM) Client VM (10.0-b19 mixed mode, sharing windows-x86)
# Problematic frame:
# C  0x0c0c1f7c
#
# If you would like to submit a bug report, please visit:
#   http://java.sun.com/webapps/bugreport/crash.jsp
# The crash happened outside the Java Virtual Machine in native code.
# See problematic frame for where to report the bug.
#

---------------  T H R E A D  ---------------

Current thread (0x03924400):  JavaThread "J3D-Renderer-1" [_thread_in_native, id=3396, stack(0x0bf70000,0x0bfc0000)]

siginfo: ExceptionCode=0xc0000005, reading address 0x0f26a000

Registers:
EAX=0x0bd9b208, EBX=0x0f269fd8, ECX=0x0f269c00, EDX=0x0f269c00
ESP=0x0bfbf484, EBP=0x0bfbf4ac, ESI=0x0f269fd4, EDI=0x0f269ffc
EIP=0x0c0c1f7c, EFLAGS=0x00010206

Top of Stack: (sp=0x0bfbf484)
0x0bfbf484:   0bd01538 0bd01538 0bd800b0 0000000f
0x0bfbf494:   0bdb2184 0bdb1f30 0bdb1cdc 0bdb1a88
0x0bfbf4a4:   00000000 00000000 0bfbf4dc 69387453
0x0bfbf4b4:   0bd01538 00000000 0000004c 0bdad008
0x0bfbf4c4:   00000000 0bd01538 00000000 00000000
0x0bfbf4d4:   0bd03ccc 00390400 0bfbf50c 69243838
0x0bfbf4e4:   0000006c 0bdad008 0bdad008 0000006c
0x0bfbf4f4:   0bd9b968 49403ef6 0bdbcbbc 0bdbc700 

Instructions: (pc=0x0c0c1f7c)
0x0c0c1f6c:   d1 03 d9 03 f1 03 f9 0f 12 32 0f 16 33 0f 12 2e
0x0c0c1f7c:   0f 16 2f 0f c6 f5 88 0f 7e d9 0f 7e e2 0f 7e eb 


Stack: [0x0bf70000,0x0bfc0000],  sp=0x0bfbf484,  free space=317k
Native frames: (J=compiled Java code, j=interpreted, Vv=VM code, C=native code)
C  0x0c0c1f7c
C  [sisgl770.dll+0x387453]
C  [sisgl770.dll+0x243838]
C  [sisgl770.dll+0x248d9d]
C  [sisgl770.dll+0x24c819]
C  [sisgl770.dll+0x2b0746]
v  ~BufferBlob::Interpreter
v  ~BufferBlob::Interpreter
v  ~BufferBlob::Interpreter
v  ~BufferBlob::Interpreter
v  ~BufferBlob::Interpreter
v  ~BufferBlob::Interpreter
v  ~BufferBlob::Interpreter
v  ~BufferBlob::Interpreter
v  ~BufferBlob::Interpreter
v  ~BufferBlob::Interpreter
v  ~BufferBlob::Interpreter
v  ~BufferBlob::Interpreter
v  ~BufferBlob::Interpreter
v  ~BufferBlob::Interpreter
v  ~BufferBlob::Interpreter
v  ~BufferBlob::StubRoutines (1)

Java frames: (J=compiled Java code, j=interpreted, Vv=VM code)
v  ~BufferBlob::Interpreter
v  ~BufferBlob::Interpreter
v  ~BufferBlob::Interpreter
v  ~BufferBlob::Interpreter
v  ~BufferBlob::Interpreter
v  ~BufferBlob::Interpreter
v  ~BufferBlob::Interpreter
v  ~BufferBlob::Interpreter
v  ~BufferBlob::Interpreter
v  ~BufferBlob::Interpreter
v  ~BufferBlob::Interpreter
v  ~BufferBlob::Interpreter
v  ~BufferBlob::Interpreter
v  ~BufferBlob::Interpreter
v  ~BufferBlob::Interpreter
v  ~BufferBlob::Interpreter
v  ~BufferBlob::StubRoutines (1)

---------------  P R O C E S S  ---------------

Java Threads: ( => current thread )
  0x03997c00 JavaThread "J3D-InputDeviceScheduler-2" [_thread_blocked, id=1112, stack(0x0cfa0000,0x0cff0000)]
  0x03996c00 JavaThread "J3D-SoundSchedulerUpdateThread-2" [_thread_blocked, id=3584, stack(0x0cb50000,0x0cba0000)]
  0x03996000 JavaThread "J3D-RenderStructureUpdateThread-2" [_thread_blocked, id=3932, stack(0x0cb00000,0x0cb50000)]
  0x02ffe400 JavaThread "J3D-BehaviorScheduler-2" [_thread_blocked, id=2016, stack(0x0ca30000,0x0ca80000)]
  0x02ffd400 JavaThread "J3D-TransformStructureUpdateThread-2" [_thread_blocked, id=2176, stack(0x0c9e0000,0x0ca30000)]
  0x02ffc800 JavaThread "J3D-RenderingEnvironmentStructureUpdateThread-2" [_thread_blocked, id=3640, stack(0x0c990000,0x0c9e0000)]
  0x0395bc00 JavaThread "J3D-SoundStructureUpdateThread-2" [_thread_blocked, id=1280, stack(0x0c940000,0x0c990000)]
  0x0397e800 JavaThread "J3D-GeometryStructureUpdateThread-2" [_thread_blocked, id=3596, stack(0x0c8f0000,0x0c940000)]
  0x03156400 JavaThread "J3D-BehaviorStructureUpdateThread-2" [_thread_blocked, id=3280, stack(0x0c8a0000,0x0c8f0000)]
  0x03988c00 JavaThread "J3D-InputDeviceScheduler-1" [_thread_blocked, id=1432, stack(0x0c750000,0x0c7a0000)]
  0x03920000 JavaThread "J3D-SoundSchedulerUpdateThread-1" [_thread_blocked, id=460, stack(0x0c700000,0x0c750000)]
  0x0391f000 JavaThread "J3D-RenderStructureUpdateThread-1" [_thread_blocked, id=2608, stack(0x0c6b0000,0x0c700000)]
  0x03920800 JavaThread "J3D-BehaviorScheduler-1" [_thread_blocked, id=3088, stack(0x0c660000,0x0c6b0000)]
  0x0393f400 JavaThread "J3D-TransformStructureUpdateThread-1" [_thread_blocked, id=2792, stack(0x0c610000,0x0c660000)]
  0x0393e400 JavaThread "J3D-RenderingEnvironmentStructureUpdateThread-1" [_thread_blocked, id=2944, stack(0x0c5c0000,0x0c610000)]
  0x0393d800 JavaThread "J3D-SoundStructureUpdateThread-1" [_thread_blocked, id=3904, stack(0x0c570000,0x0c5c0000)]
  0x039e0400 JavaThread "J3D-GeometryStructureUpdateThread-1" [_thread_blocked, id=3720, stack(0x0c520000,0x0c570000)]
  0x039c8400 JavaThread "J3D-BehaviorStructureUpdateThread-1" [_thread_blocked, id=2756, stack(0x0c4d0000,0x0c520000)]
  0x0395dc00 JavaThread "Image Fetcher 2" daemon [_thread_blocked, id=264, stack(0x0c020000,0x0c070000)]
  0x03921000 JavaThread "Image Fetcher 1" daemon [_thread_blocked, id=3680, stack(0x0bfd0000,0x0c020000)]
=>0x03924400 JavaThread "J3D-Renderer-1" [_thread_in_native, id=3396, stack(0x0bf70000,0x0bfc0000)]
  0x0398cc00 JavaThread "J3D-MasterControl-1" [_thread_blocked, id=436, stack(0x0bf20000,0x0bf70000)]
  0x0392a400 JavaThread "J3D-NotificationThread" [_thread_blocked, id=2948, stack(0x0bed0000,0x0bf20000)]
  0x0301e000 JavaThread "J3D-TimerThread" [_thread_blocked, id=2068, stack(0x0be80000,0x0bed0000)]
  0x038f9800 JavaThread "J3D-RenderingAttributesStructureUpdateThread" [_thread_blocked, id=3124, stack(0x0be30000,0x0be80000)]
  0x03013c00 JavaThread "TimerQueue" daemon [_thread_blocked, id=3588, stack(0x036c0000,0x03710000)]
  0x02fef400 JavaThread "Image Fetcher 0" daemon [_thread_blocked, id=1332, stack(0x03250000,0x032a0000)]
  0x002a5800 JavaThread "DestroyJavaVM" [_thread_blocked, id=2284, stack(0x00950000,0x009a0000)]
  0x02bdfc00 JavaThread "AWT-EventQueue-0" [_thread_blocked, id=3084, stack(0x031b0000,0x03200000)]
  0x02bde800 JavaThread "AWT-Windows" daemon [_thread_in_native, id=1972, stack(0x02f00000,0x02f50000)]
  0x02bdd800 JavaThread "AWT-Shutdown" [_thread_blocked, id=1816, stack(0x02eb0000,0x02f00000)]
  0x02bdcc00 JavaThread "Java2D Disposer" daemon [_thread_blocked, id=2052, stack(0x02e60000,0x02eb0000)]
  0x02b12c00 JavaThread "Low Memory Detector" daemon [_thread_blocked, id=2280, stack(0x02d70000,0x02dc0000)]
  0x02b08400 JavaThread "CompilerThread0" daemon [_thread_blocked, id=2596, stack(0x02d20000,0x02d70000)]
  0x02b07000 JavaThread "Attach Listener" daemon [_thread_blocked, id=1724, stack(0x02cd0000,0x02d20000)]
  0x02b06400 JavaThread "Signal Dispatcher" daemon [_thread_blocked, id=3692, stack(0x02c80000,0x02cd0000)]
  0x02b01800 JavaThread "Finalizer" daemon [_thread_blocked, id=832, stack(0x02c30000,0x02c80000)]
  0x02afd400 JavaThread "Reference Handler" daemon [_thread_blocked, id=4024, stack(0x00840000,0x00890000)]

Other Threads:
  0x02afc000 VMThread [stack: 0x02be0000,0x02c30000] [id=3332]
  0x02b14000 WatcherThread [stack: 0x02dc0000,0x02e10000] [id=836]

VM state:not at safepoint (normal execution)

VM Mutex/Monitor currently owned by a thread: None

Heap
 def new generation   total 1216K, used 537K [0x22960000, 0x22ab0000, 0x22e40000)
  eden space 1088K,   0% used [0x22960000, 0x229d2d80, 0x22a70000)
  from space 128K,  61% used [0x22a90000, 0x22aa38a0, 0x22ab0000)
  to   space 128K,   0% used [0x22a70000, 0x22a70000, 0x22a90000)
 tenured generation   total 14608K, used 12054K [0x22e40000, 0x23c84000, 0x26960000)
   the space 14608K,  82% used [0x22e40000, 0x23a059e8, 0x23a05a00, 0x23c84000)
 compacting perm gen  total 12288K, used 6581K [0x26960000, 0x27560000, 0x2a960000)
   the space 12288K,  53% used [0x26960000, 0x26fcd450, 0x26fcd600, 0x27560000)
    ro space 8192K,  66% used [0x2a960000, 0x2aeb0dc8, 0x2aeb0e00, 0x2b160000)
    rw space 12288K,  52% used [0x2b160000, 0x2b7b04b0, 0x2b7b0600, 0x2bd60000)

Dynamic libraries:
0x00400000 - 0x00423000 	C:\Arquivos de programas\Java\jdk1.6.0_05\jre\bin\java.exe
0x7c900000 - 0x7c9b6000 	C:\WINDOWS\system32\ntdll.dll
0x7c800000 - 0x7c900000 	C:\WINDOWS\system32\kernel32.dll
0x77f50000 - 0x77ffb000 	C:\WINDOWS\system32\ADVAPI32.dll
0x77db0000 - 0x77e42000 	C:\WINDOWS\system32\RPCRT4.dll
0x77f20000 - 0x77f31000 	C:\WINDOWS\system32\Secur32.dll
0x7c340000 - 0x7c396000 	C:\Arquivos de programas\Java\jdk1.6.0_05\jre\bin\msvcr71.dll
0x6d870000 - 0x6dac0000 	C:\Arquivos de programas\Java\jdk1.6.0_05\jre\bin\client\jvm.dll
0x7e360000 - 0x7e3f1000 	C:\WINDOWS\system32\USER32.dll
0x77e50000 - 0x77e99000 	C:\WINDOWS\system32\GDI32.dll
0x76b20000 - 0x76b4e000 	C:\WINDOWS\system32\WINMM.dll
0x76360000 - 0x7637d000 	C:\WINDOWS\system32\IMM32.DLL
0x62e80000 - 0x62e89000 	C:\WINDOWS\system32\LPK.DLL
0x74d50000 - 0x74dbb000 	C:\WINDOWS\system32\USP10.dll
0x6d320000 - 0x6d328000 	C:\Arquivos de programas\Java\jdk1.6.0_05\jre\bin\hpi.dll
0x76bd0000 - 0x76bdb000 	C:\WINDOWS\system32\PSAPI.DLL
0x6d820000 - 0x6d82c000 	C:\Arquivos de programas\Java\jdk1.6.0_05\jre\bin\verify.dll
0x6d3c0000 - 0x6d3df000 	C:\Arquivos de programas\Java\jdk1.6.0_05\jre\bin\java.dll
0x6d860000 - 0x6d86f000 	C:\Arquivos de programas\Java\jdk1.6.0_05\jre\bin\zip.dll
0x6d0b0000 - 0x6d1de000 	C:\Arquivos de programas\Java\jdk1.6.0_05\jre\bin\awt.dll
0x72fb0000 - 0x72fd6000 	C:\WINDOWS\system32\WINSPOOL.DRV
0x77bf0000 - 0x77c48000 	C:\WINDOWS\system32\msvcrt.dll
0x774c0000 - 0x775fd000 	C:\WINDOWS\system32\ole32.dll
0x5b1c0000 - 0x5b1f8000 	C:\WINDOWS\system32\uxtheme.dll
0x73710000 - 0x7375b000 	C:\WINDOWS\system32\ddraw.dll
0x73b70000 - 0x73b76000 	C:\WINDOWS\system32\DCIMAN32.dll
0x746e0000 - 0x7472c000 	C:\WINDOWS\system32\MSCTF.dll
0x10000000 - 0x10004000 	C:\Arquivos de programas\Unlocker\UnlockerHook.dll
0x77ea0000 - 0x77f16000 	C:\WINDOWS\system32\SHLWAPI.dll
0x7c9c0000 - 0x7d1de000 	C:\WINDOWS\system32\SHELL32.dll
0x773b0000 - 0x774b3000 	C:\WINDOWS\WinSxS\x86_Microsoft.Windows.Common-Controls_6595b64144ccf1df_6.0.2600.5512_x-ww_35d4ce83\comctl32.dll
0x5d510000 - 0x5d5aa000 	C:\WINDOWS\system32\comctl32.dll
0x77b20000 - 0x77b42000 	C:\WINDOWS\system32\apphelp.dll
0x75290000 - 0x752be000 	C:\WINDOWS\system32\msctfime.ime
0x6d2c0000 - 0x6d313000 	C:\Arquivos de programas\Java\jdk1.6.0_05\jre\bin\fontmanager.dll
0x6d620000 - 0x6d633000 	C:\Arquivos de programas\Java\jdk1.6.0_05\jre\bin\net.dll
0x71a70000 - 0x71a87000 	C:\WINDOWS\system32\WS2_32.dll
0x71a60000 - 0x71a68000 	C:\WINDOWS\system32\WS2HELP.dll
0x71a10000 - 0x71a50000 	C:\WINDOWS\system32\mswsock.dll
0x60b30000 - 0x60b88000 	C:\WINDOWS\system32\hnetcfg.dll
0x59150000 - 0x59157000 	C:\WINDOWS\System32\wship6.dll
0x6d640000 - 0x6d649000 	C:\Arquivos de programas\Java\jdk1.6.0_05\jre\bin\nio.dll
0x03820000 - 0x0382e000 	C:\Arquivos de programas\Java\jdk1.6.0_05\jre\bin\j3dcore-ogl-chk.dll
0x5f180000 - 0x5f24c000 	C:\WINDOWS\system32\OPENGL32.dll
0x5b410000 - 0x5b431000 	C:\WINDOWS\system32\GLU32.dll
0x69000000 - 0x69447000 	C:\WINDOWS\system32\sisgl770.dll
0x6d3f0000 - 0x6d3f6000 	C:\Arquivos de programas\Java\jdk1.6.0_05\jre\bin\jawt.dll
0x0bde0000 - 0x0be09000 	C:\Arquivos de programas\Java\jdk1.6.0_05\jre\bin\j3dcore-ogl.dll
0x0c070000 - 0x0c077000 	C:\Arquivos de programas\Internet Download Manager\idmmkb.dll
0x6d200000 - 0x6d22f000 	C:\Arquivos de programas\Java\jdk1.6.0_05\jre\bin\cmm.dll
0x6d460000 - 0x6d484000 	C:\Arquivos de programas\Java\jdk1.6.0_05\jre\bin\jpeg.dll

VM Arguments:
java_command: vrml3d.GUI.Vml3dApp
Launcher Type: SUN_STANDARD

Environment Variables:
CLASSPATH=C:\Documents and Settings\Marcel\Meus documentos\NetBeansProjects\VRML3D\src\cv97r140.jar
PATH=C:\WINDOWS\system32;C:\WINDOWS;C:\WINDOWS\system32\wbem;C:\Arquivos de programas\Subversion\bin;C:\Arquivos de programas\Autodesk\Backburner;C:\Arquivos de programas\Arquivos comuns\Autodesk Shared;C:\Arquivos de programas\Pinnacle\Shared Files;C:\AppServ\Apache2.2\bin;C:\AppServ\php5;C:\AppServ\MySQL\bin
USERNAME=Marcel
OS=Windows_NT
PROCESSOR_IDENTIFIER=x86 Family 6 Model 15 Stepping 13, GenuineIntel



---------------  S Y S T E M  ---------------

OS: Windows XP Build 2600 Service Pack 3

CPU:total 2 (2 cores per cpu, 1 threads per core) family 6 model 15 stepping 13, cmov, cx8, fxsr, mmx, sse, sse2, sse3, ssse3

Memory: 4k page, physical 1963108k(1007572k free), swap 2331068k(1499636k free)

vm_info: Java HotSpot(TM) Client VM (10.0-b19) for windows-x86 JRE (1.6.0_05-b13), built on Feb 22 2008 01:16:53 by "java_re" with MS VC++ 7.1

time: Thu May 06 17:24:26 2010
elapsed time: 5 seconds

