#
# An unexpected error has been detected by Java Runtime Environment:
#
#  EXCEPTION_ACCESS_VIOLATION (0xc0000005) at pc=0x000a0283, pid=3964, tid=2284
#
# Java VM: Java HotSpot(TM) Client VM (10.0-b19 mixed mode, sharing windows-x86)
# Problematic frame:
# C  0x000a0283
#
# If you would like to submit a bug report, please visit:
#   http://java.sun.com/webapps/bugreport/crash.jsp
#

---------------  T H R E A D  ---------------

Current thread (0x02a6c000):  VMThread [stack: 0x02b50000,0x02ba0000] [id=2284]

siginfo: ExceptionCode=0xc0000005, writing address 0x880a0bda

Registers:
EAX=0x000a01d8, EBX=0x00000000, ECX=0x0bd71bdc, EDX=0x693b1fa8
ESP=0x02b9f9dc, EBP=0x0bd7eee0, ESI=0x0bd71b2c, EDI=0x000f5fc7
EIP=0x000a0283, EFLAGS=0x00010296

Top of Stack: (sp=0x02b9f9dc)
0x02b9f9dc:   68000a02 000f5fc7 0bd71b2c 0bd7eee0
0x02b9f9ec:   02b9fa00 00000000 693b1fa8 0bd71b4c
0x02b9f9fc:   000a01d8 68000b4f 6904e318 000f5fc8
0x02b9fa0c:   00000000 0bd7edc8 0bd71b2c 02b9fa7c
0x02b9fa1c:   7c9010e0 6904e87a 0bd71b2c 6904a492
0x02b9fa2c:   0bd71b2c 0bd71a90 69045f97 0bd71a90
0x02b9fa3c:   0bd7ffe0 69045fea 02b9fa70 001a3cd0
0x02b9fa4c:   00000000 690486ce 02b9fa70 690492d7 

Instructions: (pc=0x000a0283)
0x000a0273:   00 70 02 0a 00 78 02 0a 00 78 02 0a 00 80 02 0a
0x000a0283:   00 80 02 0a 00 88 02 0a 00 88 02 0a 00 90 02 0a 


Stack: [0x02b50000,0x02ba0000],  sp=0x02b9f9dc,  free space=318k
Native frames: (J=compiled Java code, j=interpreted, Vv=VM code, C=native code)
C  0x000a0283

VM_Operation (0x031ff4e8): Exit, mode: safepoint, requested by thread 0x02fa1c00


---------------  P R O C E S S  ---------------

Java Threads: ( => current thread )
  0x02fc5400 JavaThread "J3D-InputDeviceScheduler-2" [_thread_blocked, id=3768, stack(0x0c970000,0x0c9c0000)]
  0x0301dc00 JavaThread "J3D-SoundSchedulerUpdateThread-2" [_thread_blocked, id=2640, stack(0x0c920000,0x0c970000)]
  0x0301d000 JavaThread "J3D-RenderStructureUpdateThread-2" [_thread_blocked, id=2984, stack(0x0c8d0000,0x0c920000)]
  0x03044000 JavaThread "J3D-BehaviorScheduler-2" [_thread_blocked, id=3196, stack(0x0c880000,0x0c8d0000)]
  0x03043000 JavaThread "J3D-TransformStructureUpdateThread-2" [_thread_blocked, id=2100, stack(0x0c830000,0x0c880000)]
  0x03042800 JavaThread "J3D-RenderingEnvironmentStructureUpdateThread-2" [_thread_blocked, id=3612, stack(0x0c7e0000,0x0c830000)]
  0x03041c00 JavaThread "J3D-SoundStructureUpdateThread-2" [_thread_blocked, id=2444, stack(0x0c790000,0x0c7e0000)]
  0x02b4b400 JavaThread "J3D-GeometryStructureUpdateThread-2" [_thread_blocked, id=2312, stack(0x0c740000,0x0c790000)]
  0x02b4a800 JavaThread "J3D-BehaviorStructureUpdateThread-2" [_thread_blocked, id=776, stack(0x0c6f0000,0x0c740000)]
  0x02fdb800 JavaThread "J3D-InputDeviceScheduler-1" [_thread_blocked, id=1184, stack(0x0c5a0000,0x0c5f0000)]
  0x02fba800 JavaThread "J3D-SoundSchedulerUpdateThread-1" [_thread_blocked, id=1752, stack(0x0c550000,0x0c5a0000)]
  0x03a03800 JavaThread "J3D-RenderStructureUpdateThread-1" [_thread_blocked, id=2588, stack(0x0c500000,0x0c550000)]
  0x038d0c00 JavaThread "J3D-BehaviorScheduler-1" [_thread_blocked, id=3528, stack(0x0c4b0000,0x0c500000)]
  0x02b14c00 JavaThread "J3D-TransformStructureUpdateThread-1" [_thread_blocked, id=3020, stack(0x0c460000,0x0c4b0000)]
  0x02ae0c00 JavaThread "J3D-RenderingEnvironmentStructureUpdateThread-1" [_thread_blocked, id=1952, stack(0x0c410000,0x0c460000)]
  0x039ca800 JavaThread "J3D-SoundStructureUpdateThread-1" [_thread_blocked, id=3760, stack(0x0c3c0000,0x0c410000)]
  0x02b4d400 JavaThread "J3D-GeometryStructureUpdateThread-1" [_thread_blocked, id=3756, stack(0x0c370000,0x0c3c0000)]
  0x02b3d400 JavaThread "J3D-BehaviorStructureUpdateThread-1" [_thread_blocked, id=3748, stack(0x0bfd0000,0x0c020000)]
  0x038f6c00 JavaThread "J3D-Renderer-1" [_thread_in_native, id=3592, stack(0x0bf70000,0x0bfc0000)]
  0x03901400 JavaThread "J3D-MasterControl-1" [_thread_blocked, id=1264, stack(0x0bf20000,0x0bf70000)]
  0x03918800 JavaThread "J3D-NotificationThread" [_thread_blocked, id=3996, stack(0x0bed0000,0x0bf20000)]
  0x039cd400 JavaThread "J3D-TimerThread" [_thread_blocked, id=3584, stack(0x0be80000,0x0bed0000)]
  0x03904400 JavaThread "J3D-RenderingAttributesStructureUpdateThread" [_thread_blocked, id=3588, stack(0x0be30000,0x0be80000)]
  0x02fdfc00 JavaThread "TimerQueue" daemon [_thread_blocked, id=768, stack(0x036c0000,0x03710000)]
  0x002a5800 JavaThread "DestroyJavaVM" [_thread_blocked, id=3744, stack(0x00840000,0x00890000)]
  0x02fa1c00 JavaThread "AWT-EventQueue-0" [_thread_blocked, id=144, stack(0x031b0000,0x03200000)]
  0x02f9f800 JavaThread "AWT-Shutdown" [_thread_blocked, id=808, stack(0x02e80000,0x02ed0000)]
  0x02f9ec00 JavaThread "Java2D Disposer" daemon [_thread_blocked, id=3540, stack(0x02e30000,0x02e80000)]
  0x02a7dc00 JavaThread "Low Memory Detector" daemon [_thread_blocked, id=3300, stack(0x02d30000,0x02d80000)]
  0x02a78400 JavaThread "CompilerThread0" daemon [_thread_blocked, id=3524, stack(0x02ce0000,0x02d30000)]
  0x02a77000 JavaThread "Attach Listener" daemon [_thread_blocked, id=2552, stack(0x02c90000,0x02ce0000)]
  0x02a76400 JavaThread "Signal Dispatcher" daemon [_thread_blocked, id=3508, stack(0x02c40000,0x02c90000)]
  0x02a6e400 JavaThread "Finalizer" daemon [_thread_blocked, id=4076, stack(0x02bf0000,0x02c40000)]
  0x02a6d400 JavaThread "Reference Handler" daemon [_thread_blocked, id=2076, stack(0x02ba0000,0x02bf0000)]

Other Threads:
=>0x02a6c000 VMThread [stack: 0x02b50000,0x02ba0000] [id=2284]

VM state:at safepoint (shutting down)

VM Mutex/Monitor currently owned by a thread:  ([mutex/lock_event])
[0x002a4f90/0x00002f10] Threads_lock - owner thread: 0x02a6c000

Heap
 def new generation   total 2496K, used 74K [0x22960000, 0x22c10000, 0x22e40000)
  eden space 2240K,   3% used [0x22960000, 0x22972408, 0x22b90000)
  from space 256K,   0% used [0x22bd0000, 0x22bd0648, 0x22c10000)
  to   space 256K,   0% used [0x22b90000, 0x22b90000, 0x22bd0000)
 tenured generation   total 31516K, used 23652K [0x22e40000, 0x24d07000, 0x26960000)
   the space 31516K,  75% used [0x22e40000, 0x24559348, 0x24559400, 0x24d07000)
 compacting perm gen  total 12288K, used 7002K [0x26960000, 0x27560000, 0x2a960000)
   the space 12288K,  56% used [0x26960000, 0x270368d0, 0x27036a00, 0x27560000)
    ro space 8192K,  66% used [0x2a960000, 0x2aeb0dc8, 0x2aeb0e00, 0x2b160000)
    rw space 12288K,  52% used [0x2b160000, 0x2b7b04b0, 0x2b7b0600, 0x2bd60000)

Dynamic libraries:
0x00400000 - 0x00423000 	C:\Arquivos de programas\Java\jdk1.6.0_05\jre\bin\java.exe
0x7c900000 - 0x7c9b6000 	C:\WINDOWS\system32\ntdll.dll
0x7c800000 - 0x7c900000 	C:\WINDOWS\system32\kernel32.dll
0x77f50000 - 0x77ffb000 	C:\WINDOWS\system32\ADVAPI32.dll
0x77db0000 - 0x77e42000 	C:\WINDOWS\system32\RPCRT4.dll
0x77f20000 - 0x77f31000 	C:\WINDOWS\system32\Secur32.dll
0x7c340000 - 0x7c396000 	C:\Arquivos de programas\Java\jdk1.6.0_05\jre\bin\msvcr71.dll
0x6d870000 - 0x6dac0000 	C:\Arquivos de programas\Java\jdk1.6.0_05\jre\bin\client\jvm.dll
0x7e360000 - 0x7e3f1000 	C:\WINDOWS\system32\USER32.dll
0x77e50000 - 0x77e99000 	C:\WINDOWS\system32\GDI32.dll
0x76b20000 - 0x76b4e000 	C:\WINDOWS\system32\WINMM.dll
0x76360000 - 0x7637d000 	C:\WINDOWS\system32\IMM32.DLL
0x62e80000 - 0x62e89000 	C:\WINDOWS\system32\LPK.DLL
0x74d50000 - 0x74dbb000 	C:\WINDOWS\system32\USP10.dll
0x6d320000 - 0x6d328000 	C:\Arquivos de programas\Java\jdk1.6.0_05\jre\bin\hpi.dll
0x76bd0000 - 0x76bdb000 	C:\WINDOWS\system32\PSAPI.DLL
0x6d820000 - 0x6d82c000 	C:\Arquivos de programas\Java\jdk1.6.0_05\jre\bin\verify.dll
0x6d3c0000 - 0x6d3df000 	C:\Arquivos de programas\Java\jdk1.6.0_05\jre\bin\java.dll
0x6d860000 - 0x6d86f000 	C:\Arquivos de programas\Java\jdk1.6.0_05\jre\bin\zip.dll
0x6d0b0000 - 0x6d1de000 	C:\Arquivos de programas\Java\jdk1.6.0_05\jre\bin\awt.dll
0x72fb0000 - 0x72fd6000 	C:\WINDOWS\system32\WINSPOOL.DRV
0x77bf0000 - 0x77c48000 	C:\WINDOWS\system32\msvcrt.dll
0x774c0000 - 0x775fd000 	C:\WINDOWS\system32\ole32.dll
0x5b1c0000 - 0x5b1f8000 	C:\WINDOWS\system32\uxtheme.dll
0x73710000 - 0x7375b000 	C:\WINDOWS\system32\ddraw.dll
0x73b70000 - 0x73b76000 	C:\WINDOWS\system32\DCIMAN32.dll
0x746e0000 - 0x7472c000 	C:\WINDOWS\system32\MSCTF.dll
0x10000000 - 0x10004000 	C:\Arquivos de programas\Unlocker\UnlockerHook.dll
0x77ea0000 - 0x77f16000 	C:\WINDOWS\system32\SHLWAPI.dll
0x7c9c0000 - 0x7d1de000 	C:\WINDOWS\system32\SHELL32.dll
0x773b0000 - 0x774b3000 	C:\WINDOWS\WinSxS\x86_Microsoft.Windows.Common-Controls_6595b64144ccf1df_6.0.2600.5512_x-ww_35d4ce83\comctl32.dll
0x5d510000 - 0x5d5aa000 	C:\WINDOWS\system32\comctl32.dll
0x77b20000 - 0x77b42000 	C:\WINDOWS\system32\apphelp.dll
0x75290000 - 0x752be000 	C:\WINDOWS\system32\msctfime.ime
0x6d2c0000 - 0x6d313000 	C:\Arquivos de programas\Java\jdk1.6.0_05\jre\bin\fontmanager.dll
0x6d620000 - 0x6d633000 	C:\Arquivos de programas\Java\jdk1.6.0_05\jre\bin\net.dll
0x71a70000 - 0x71a87000 	C:\WINDOWS\system32\WS2_32.dll
0x71a60000 - 0x71a68000 	C:\WINDOWS\system32\WS2HELP.dll
0x71a10000 - 0x71a50000 	C:\WINDOWS\system32\mswsock.dll
0x60b30000 - 0x60b88000 	C:\WINDOWS\system32\hnetcfg.dll
0x59150000 - 0x59157000 	C:\WINDOWS\System32\wship6.dll
0x6d640000 - 0x6d649000 	C:\Arquivos de programas\Java\jdk1.6.0_05\jre\bin\nio.dll
0x038b0000 - 0x038be000 	C:\Arquivos de programas\Java\jdk1.6.0_05\jre\bin\j3dcore-ogl-chk.dll
0x5f180000 - 0x5f24c000 	C:\WINDOWS\system32\OPENGL32.dll
0x5b410000 - 0x5b431000 	C:\WINDOWS\system32\GLU32.dll
0x69000000 - 0x69447000 	C:\WINDOWS\system32\sisgl770.dll
0x6d3f0000 - 0x6d3f6000 	C:\Arquivos de programas\Java\jdk1.6.0_05\jre\bin\jawt.dll
0x0bde0000 - 0x0bde7000 	C:\Arquivos de programas\Internet Download Manager\idmmkb.dll
0x0bdf0000 - 0x0be19000 	C:\Arquivos de programas\Java\jdk1.6.0_05\jre\bin\j3dcore-ogl.dll
0x6d200000 - 0x6d22f000 	C:\Arquivos de programas\Java\jdk1.6.0_05\jre\bin\cmm.dll
0x6d460000 - 0x6d484000 	C:\Arquivos de programas\Java\jdk1.6.0_05\jre\bin\jpeg.dll

VM Arguments:
java_command: vrml3d.GUI.Vml3dApp
Launcher Type: SUN_STANDARD

Environment Variables:
CLASSPATH=C:\Documents and Settings\Marcel\Meus documentos\NetBeansProjects\VRML3D\src\cv97r140.jar
PATH=C:\WINDOWS\system32;C:\WINDOWS;C:\WINDOWS\system32\wbem;C:\Arquivos de programas\Subversion\bin;C:\Arquivos de programas\Autodesk\Backburner;C:\Arquivos de programas\Arquivos comuns\Autodesk Shared;C:\Arquivos de programas\Pinnacle\Shared Files;
USERNAME=Marcel
OS=Windows_NT
PROCESSOR_IDENTIFIER=x86 Family 6 Model 15 Stepping 13, GenuineIntel



---------------  S Y S T E M  ---------------

OS: Windows XP Build 2600 Service Pack 3

CPU:total 2 (2 cores per cpu, 1 threads per core) family 6 model 15 stepping 13, cmov, cx8, fxsr, mmx, sse, sse2, sse3, ssse3

Memory: 4k page, physical 1963108k(867432k free), swap 2331068k(1447964k free)

vm_info: Java HotSpot(TM) Client VM (10.0-b19) for windows-x86 JRE (1.6.0_05-b13), built on Feb 22 2008 01:16:53 by "java_re" with MS VC++ 7.1

time: Thu Jun 17 19:43:21 2010
elapsed time: 1555 seconds

